<?xml version="1.0" encoding="utf-8"?>
<TestRun id="bf66b11a-2f90-4730-9fa2-86c7e27f50a2" name="@HUAWEI_Mate_20_lite-5bdf5 2026-01-12 11:58:04.086" xmlns="http://microsoft.com/schemas/VisualStudio/TeamTest/2010">
  <Times creation="2026-01-12T11:57:43.30386Z" queuing="2026-01-12T11:57:43.30386Z" start="2026-01-12T11:57:43.30386Z" finish="2026-01-12T11:58:04.086515Z" />
  <TestSettings name="default" id="63225e1a-86f0-4c6e-8eef-ce15c4306c65">
    <Deployment runDeploymentRoot="_HUAWEI_Mate_20_lite-5bdf5_2026-01-12_11_58_04.086" />
  </TestSettings>
  <Results>
    <UnitTestResult executionId="dcb0ec7d-c0db-4af4-a5c7-c9407c18c145" testId="aeec9201-7b74-6253-3c16-e619294d9d20" testName="ShouldKeepOrderWithinPartition" computerName="HUAWEI_Mate_20_lite-5bdf5" duration="00:00:20.6442190" startTime="2026-01-12T11:57:43.3782450+00:00" endTime="2026-01-12T11:58:04.0224640+00:00" testType="13CDC9D9-DDB5-4fa4-A97D-D965CCFC6D4B" outcome="Failed" testListId="8C84FA94-04C1-424b-9868-57A2D4851A1D" relativeResultsDirectory="dcb0ec7d-c0db-4af4-a5c7-c9407c18c145">
      <Output>
        <ErrorInfo>
          <Message>InvalidOperationException: Exposed port 1113/tcp is not mapped.</Message>
          <StackTrace>   at DotNet.Testcontainers.Containers.DockerContainer.GetMappedPublicPort(String containerPort) in /_/src/Testcontainers/Containers/DockerContainer.cs:line 266
   at DotNet.Testcontainers.Containers.DockerContainer.GetMappedPublicPort(Int32 containerPort) in /_/src/Testcontainers/Containers/DockerContainer.cs:line 250
   at Kurrent.Replicator.Tests.Fixtures.ContainerFixture.GetV5Client() in /Users/kasperwelner/Projects/replicator/test/Kurrent.Replicator.Tests/Fixtures/ContainerFixture.cs:line 31
   at Kurrent.Replicator.Tests.ValuePartitionerTests.ShouldKeepOrderWithinPartition() in /Users/kasperwelner/Projects/replicator/test/Kurrent.Replicator.Tests/CustomPartitionerTests.cs:line 43</StackTrace>
        </ErrorInfo>
      </Output>
    </UnitTestResult>
    <UnitTestResult executionId="3e248e0c-2c13-4c9b-b707-bb75b8f279cb" testId="44063cd4-e1f1-60e6-1a74-1ded83269e17" testName="Verify" computerName="HUAWEI_Mate_20_lite-5bdf5" duration="00:00:20.6698290" startTime="2026-01-12T11:57:43.3782460+00:00" endTime="2026-01-12T11:58:04.0480750+00:00" testType="13CDC9D9-DDB5-4fa4-A97D-D965CCFC6D4B" outcome="Failed" testListId="8C84FA94-04C1-424b-9868-57A2D4851A1D" relativeResultsDirectory="3e248e0c-2c13-4c9b-b707-bb75b8f279cb">
      <Output>
        <ErrorInfo>
          <Message>InvalidOperationException: Exposed port 1113/tcp is not mapped.</Message>
          <StackTrace>   at DotNet.Testcontainers.Containers.DockerContainer.GetMappedPublicPort(String containerPort) in /_/src/Testcontainers/Containers/DockerContainer.cs:line 266
   at DotNet.Testcontainers.Containers.DockerContainer.GetMappedPublicPort(Int32 containerPort) in /_/src/Testcontainers/Containers/DockerContainer.cs:line 250
   at Kurrent.Replicator.Tests.Fixtures.ContainerFixture.GetV5Client() in /Users/kasperwelner/Projects/replicator/test/Kurrent.Replicator.Tests/Fixtures/ContainerFixture.cs:line 31
   at Kurrent.Replicator.Tests.ChaserCheckpointSeedingTests.SeedV5WithEvents(String named, Int32 count) in /Users/kasperwelner/Projects/replicator/test/Kurrent.Replicator.Tests/ChaserCheckpointSeedingTests.cs:line 77
   at Kurrent.Replicator.Tests.ChaserCheckpointSeedingTests.Verify() in /Users/kasperwelner/Projects/replicator/test/Kurrent.Replicator.Tests/ChaserCheckpointSeedingTests.cs:line 42</StackTrace>
        </ErrorInfo>
      </Output>
    </UnitTestResult>
  </Results>
  <TestDefinitions>
    <UnitTest name="ShouldKeepOrderWithinPartition" storage="/users/kasperwelner/projects/replicator/test/kurrent.replicator.tests/bin/debug/net9.0/kurrent.replicator.tests.dll" id="aeec9201-7b74-6253-3c16-e619294d9d20">
      <Execution id="dcb0ec7d-c0db-4af4-a5c7-c9407c18c145" />
      <TestMethod codeBase="/Users/kasperwelner/Projects/replicator/test/Kurrent.Replicator.Tests/bin/Debug/net9.0/Kurrent.Replicator.Tests.dll" adapterTypeName="executor://TUnitExtension/0.19.86.0" className="Kurrent.Replicator.Tests.ValuePartitionerTests" name="ShouldKeepOrderWithinPartition" />
    </UnitTest>
    <UnitTest name="Verify" storage="/users/kasperwelner/projects/replicator/test/kurrent.replicator.tests/bin/debug/net9.0/kurrent.replicator.tests.dll" id="44063cd4-e1f1-60e6-1a74-1ded83269e17">
      <Execution id="3e248e0c-2c13-4c9b-b707-bb75b8f279cb" />
      <TestMethod codeBase="/Users/kasperwelner/Projects/replicator/test/Kurrent.Replicator.Tests/bin/Debug/net9.0/Kurrent.Replicator.Tests.dll" adapterTypeName="executor://TUnitExtension/0.19.86.0" className="Kurrent.Replicator.Tests.ChaserCheckpointSeedingTests" name="Verify" />
    </UnitTest>
  </TestDefinitions>
  <TestEntries>
    <TestEntry testId="aeec9201-7b74-6253-3c16-e619294d9d20" executionId="dcb0ec7d-c0db-4af4-a5c7-c9407c18c145" testListId="8C84FA94-04C1-424b-9868-57A2D4851A1D" />
    <TestEntry testId="44063cd4-e1f1-60e6-1a74-1ded83269e17" executionId="3e248e0c-2c13-4c9b-b707-bb75b8f279cb" testListId="8C84FA94-04C1-424b-9868-57A2D4851A1D" />
  </TestEntries>
  <TestLists>
    <TestList name="Results Not in a List" id="8C84FA94-04C1-424b-9868-57A2D4851A1D" />
    <TestList name="All Loaded Results" id="19431567-8539-422a-85d7-44ee4e166bda" />
  </TestLists>
  <ResultSummary outcome="Failed">
    <Counters total="2" executed="2" passed="0" failed="2" error="0" timeout="0" aborted="0" inconclusive="0" passedButRunAborted="0" notRunnable="0" notExecuted="0" disconnected="0" warning="0" completed="0" inProgress="0" pending="0" />
    <RunInfos>
      <RunInfo computerName="HUAWEI_Mate_20_lite-5bdf5" outcome="Error" timestamp="2026-01-12T11:58:04.09168">
        <Text>Exit code indicates failure: '2'. Please refer to https://aka.ms/testingplatform/exitcodes for more information.</Text>
      </RunInfo>
    </RunInfos>
  </ResultSummary>
</TestRun>