<?xml version="1.0" encoding="utf-8"?>
<TestRun id="8da0af0e-02b3-49e4-894e-70d708bef2e4" name="@HUAWEI_Mate_20_lite-5bdf5 2026-01-09 15:42:25.047" xmlns="http://microsoft.com/schemas/VisualStudio/TeamTest/2010">
  <Times creation="2026-01-09T15:41:29.322599Z" queuing="2026-01-09T15:41:29.322599Z" start="2026-01-09T15:41:29.322599Z" finish="2026-01-09T15:42:25.048064Z" />
  <TestSettings name="default" id="2d72d95c-74e6-4ac4-b818-6f639f69dbbc">
    <Deployment runDeploymentRoot="_HUAWEI_Mate_20_lite-5bdf5_2026-01-09_15_42_25.047" />
  </TestSettings>
  <Results>
    <UnitTestResult executionId="8e4750f8-133b-4979-99ca-6f4365240d4e" testId="aeec9201-7b74-6253-3c16-e619294d9d20" testName="ShouldKeepOrderWithinPartition" computerName="HUAWEI_Mate_20_lite-5bdf5" duration="00:00:55.5683360" startTime="2026-01-09T15:41:29.4146750+00:00" endTime="2026-01-09T15:42:24.9830110+00:00" testType="13CDC9D9-DDB5-4fa4-A97D-D965CCFC6D4B" outcome="Failed" testListId="8C84FA94-04C1-424b-9868-57A2D4851A1D" relativeResultsDirectory="8e4750f8-133b-4979-99ca-6f4365240d4e">
      <Output>
        <ErrorInfo>
          <Message>DockerApiException: Docker API responded with status code=Conflict, response={"message":"container 1d66700138a4ce4d00455e9a40c688ac0198ceee306337909c6993a2cec706de is not running"}
</Message>
          <StackTrace>   at Docker.DotNet.DockerClient.HandleIfErrorResponseAsync(HttpStatusCode statusCode, HttpResponseMessage response, IEnumerable`1 handlers) in /_/src/Docker.DotNet/DockerClient.cs:line 492
   at Docker.DotNet.DockerClient.MakeRequestAsync[T](IEnumerable`1 errorHandlers, HttpMethod method, String path, IQueryString queryString, IRequestContent body, IDictionary`2 headers, TimeSpan timeout, CancellationToken token) in /_/src/Docker.DotNet/DockerClient.cs:line 257
   at Docker.DotNet.ExecOperations.ExecCreateContainerAsync(String id, ContainerExecCreateParameters parameters, CancellationToken cancellationToken) in /_/src/Docker.DotNet/Endpoints/ExecOperations.cs:line 40
   at DotNet.Testcontainers.Clients.DockerContainerOperations.ExecAsync(String id, IList`1 command, CancellationToken ct) in /_/src/Testcontainers/Clients/DockerContainerOperations.cs:line 162
   at DotNet.Testcontainers.Configurations.UntilUnixCommandIsCompleted.UntilAsync(IContainer container) in /_/src/Testcontainers/Configurations/WaitStrategies/UntilUnixCommandIsCompleted.cs:line 22
   at DotNet.Testcontainers.Containers.DockerContainer.CheckReadinessAsync(WaitStrategy waitStrategy, CancellationToken ct) in /_/src/Testcontainers/Containers/DockerContainer.cs:line 638
   at DotNet.Testcontainers.Configurations.WaitStrategy.&lt;&gt;c__DisplayClass24_0.&lt;&lt;WaitUntilAsync&gt;g__UntilAsync|0&gt;d.MoveNext() in /_/src/Testcontainers/Configurations/WaitStrategies/WaitStrategy.cs:line 184
--- End of stack trace from previous location ---
   at DotNet.Testcontainers.Configurations.WaitStrategy.WaitUntilAsync(Func`1 wait, TimeSpan interval, TimeSpan timeout, Int32 retries, CancellationToken ct) in /_/src/Testcontainers/Configurations/WaitStrategies/WaitStrategy.cs:line 213
   at DotNet.Testcontainers.Containers.DockerContainer.CheckReadinessAsync(IEnumerable`1 waitStrategies, CancellationToken ct) in /_/src/Testcontainers/Containers/DockerContainer.cs:line 656
   at DotNet.Testcontainers.Containers.DockerContainer.UnsafeStartAsync(CancellationToken ct) in /_/src/Testcontainers/Containers/DockerContainer.cs:line 518
   at DotNet.Testcontainers.Containers.DockerContainer.StartAsync(CancellationToken ct) in /_/src/Testcontainers/Containers/DockerContainer.cs:line 301
   at Kurrent.Replicator.Tests.Fixtures.ContainerFixture.StartContainers() in /Users/kasperwelner/Projects/replicator/test/Kurrent.Replicator.Tests/Fixtures/ContainerFixture.cs:line 20
   at Kurrent.Replicator.Tests.ValuePartitionerTests.Start() in /Users/kasperwelner/Projects/replicator/test/Kurrent.Replicator.Tests/CustomPartitionerTests.cs:line 35</StackTrace>
        </ErrorInfo>
      </Output>
    </UnitTestResult>
    <UnitTestResult executionId="716fa1e5-8c99-4851-8c12-523c31f62ee0" testId="44063cd4-e1f1-60e6-1a74-1ded83269e17" testName="Verify" computerName="HUAWEI_Mate_20_lite-5bdf5" duration="00:00:55.5847300" startTime="2026-01-09T15:41:29.4146700+00:00" endTime="2026-01-09T15:42:24.9994000+00:00" testType="13CDC9D9-DDB5-4fa4-A97D-D965CCFC6D4B" outcome="Failed" testListId="8C84FA94-04C1-424b-9868-57A2D4851A1D" relativeResultsDirectory="716fa1e5-8c99-4851-8c12-523c31f62ee0">
      <Output>
        <ErrorInfo>
          <Message>DockerApiException: Docker API responded with status code=Conflict, response={"message":"container 3ed8a21af8cae0b4b76777827eead5b57a0fe098c5db39e76c880467d09daaae is not running"}
</Message>
          <StackTrace>   at Docker.DotNet.DockerClient.HandleIfErrorResponseAsync(HttpStatusCode statusCode, HttpResponseMessage response, IEnumerable`1 handlers) in /_/src/Docker.DotNet/DockerClient.cs:line 492
   at Docker.DotNet.DockerClient.MakeRequestAsync[T](IEnumerable`1 errorHandlers, HttpMethod method, String path, IQueryString queryString, IRequestContent body, IDictionary`2 headers, TimeSpan timeout, CancellationToken token) in /_/src/Docker.DotNet/DockerClient.cs:line 257
   at Docker.DotNet.ExecOperations.ExecCreateContainerAsync(String id, ContainerExecCreateParameters parameters, CancellationToken cancellationToken) in /_/src/Docker.DotNet/Endpoints/ExecOperations.cs:line 40
   at DotNet.Testcontainers.Clients.DockerContainerOperations.ExecAsync(String id, IList`1 command, CancellationToken ct) in /_/src/Testcontainers/Clients/DockerContainerOperations.cs:line 162
   at DotNet.Testcontainers.Configurations.UntilUnixCommandIsCompleted.UntilAsync(IContainer container) in /_/src/Testcontainers/Configurations/WaitStrategies/UntilUnixCommandIsCompleted.cs:line 22
   at DotNet.Testcontainers.Containers.DockerContainer.CheckReadinessAsync(WaitStrategy waitStrategy, CancellationToken ct) in /_/src/Testcontainers/Containers/DockerContainer.cs:line 638
   at DotNet.Testcontainers.Configurations.WaitStrategy.&lt;&gt;c__DisplayClass24_0.&lt;&lt;WaitUntilAsync&gt;g__UntilAsync|0&gt;d.MoveNext() in /_/src/Testcontainers/Configurations/WaitStrategies/WaitStrategy.cs:line 184
--- End of stack trace from previous location ---
   at DotNet.Testcontainers.Configurations.WaitStrategy.WaitUntilAsync(Func`1 wait, TimeSpan interval, TimeSpan timeout, Int32 retries, CancellationToken ct) in /_/src/Testcontainers/Configurations/WaitStrategies/WaitStrategy.cs:line 213
   at DotNet.Testcontainers.Containers.DockerContainer.CheckReadinessAsync(IEnumerable`1 waitStrategies, CancellationToken ct) in /_/src/Testcontainers/Containers/DockerContainer.cs:line 656
   at DotNet.Testcontainers.Containers.DockerContainer.UnsafeStartAsync(CancellationToken ct) in /_/src/Testcontainers/Containers/DockerContainer.cs:line 518
   at DotNet.Testcontainers.Containers.DockerContainer.StartAsync(CancellationToken ct) in /_/src/Testcontainers/Containers/DockerContainer.cs:line 301
   at Kurrent.Replicator.Tests.Fixtures.ContainerFixture.StartContainers() in /Users/kasperwelner/Projects/replicator/test/Kurrent.Replicator.Tests/Fixtures/ContainerFixture.cs:line 20
   at Kurrent.Replicator.Tests.ChaserCheckpointSeedingTests.Start() in /Users/kasperwelner/Projects/replicator/test/Kurrent.Replicator.Tests/ChaserCheckpointSeedingTests.cs:line 33</StackTrace>
        </ErrorInfo>
      </Output>
    </UnitTestResult>
  </Results>
  <TestDefinitions>
    <UnitTest name="ShouldKeepOrderWithinPartition" storage="/users/kasperwelner/projects/replicator/test/kurrent.replicator.tests/bin/debug/net9.0/kurrent.replicator.tests.dll" id="aeec9201-7b74-6253-3c16-e619294d9d20">
      <Execution id="8e4750f8-133b-4979-99ca-6f4365240d4e" />
      <TestMethod codeBase="/Users/kasperwelner/Projects/replicator/test/Kurrent.Replicator.Tests/bin/Debug/net9.0/Kurrent.Replicator.Tests.dll" adapterTypeName="executor://TUnitExtension/0.19.86.0" className="Kurrent.Replicator.Tests.ValuePartitionerTests" name="ShouldKeepOrderWithinPartition" />
    </UnitTest>
    <UnitTest name="Verify" storage="/users/kasperwelner/projects/replicator/test/kurrent.replicator.tests/bin/debug/net9.0/kurrent.replicator.tests.dll" id="44063cd4-e1f1-60e6-1a74-1ded83269e17">
      <Execution id="716fa1e5-8c99-4851-8c12-523c31f62ee0" />
      <TestMethod codeBase="/Users/kasperwelner/Projects/replicator/test/Kurrent.Replicator.Tests/bin/Debug/net9.0/Kurrent.Replicator.Tests.dll" adapterTypeName="executor://TUnitExtension/0.19.86.0" className="Kurrent.Replicator.Tests.ChaserCheckpointSeedingTests" name="Verify" />
    </UnitTest>
  </TestDefinitions>
  <TestEntries>
    <TestEntry testId="aeec9201-7b74-6253-3c16-e619294d9d20" executionId="8e4750f8-133b-4979-99ca-6f4365240d4e" testListId="8C84FA94-04C1-424b-9868-57A2D4851A1D" />
    <TestEntry testId="44063cd4-e1f1-60e6-1a74-1ded83269e17" executionId="716fa1e5-8c99-4851-8c12-523c31f62ee0" testListId="8C84FA94-04C1-424b-9868-57A2D4851A1D" />
  </TestEntries>
  <TestLists>
    <TestList name="Results Not in a List" id="8C84FA94-04C1-424b-9868-57A2D4851A1D" />
    <TestList name="All Loaded Results" id="19431567-8539-422a-85d7-44ee4e166bda" />
  </TestLists>
  <ResultSummary outcome="Failed">
    <Counters total="2" executed="2" passed="0" failed="2" error="0" timeout="0" aborted="0" inconclusive="0" passedButRunAborted="0" notRunnable="0" notExecuted="0" disconnected="0" warning="0" completed="0" inProgress="0" pending="0" />
    <RunInfos>
      <RunInfo computerName="HUAWEI_Mate_20_lite-5bdf5" outcome="Error" timestamp="2026-01-09T15:42:25.052464">
        <Text>Exit code indicates failure: '2'. Please refer to https://aka.ms/testingplatform/exitcodes for more information.</Text>
      </RunInfo>
    </RunInfos>
  </ResultSummary>
</TestRun>